<?xml version="1.0" encoding="UTF-8"?>
<testsuite xmlns:xsi="http://www.w3.org/2001/XMLSchema-instance" xsi:noNamespaceSchemaLocation="https://maven.apache.org/surefire/maven-surefire-plugin/xsd/surefire-test-report-3.0.xsd" version="3.0" name="com.pluralsight.tddjunit5.airport.AirportTest$PremiumFlightTest$VipPassengerTest" time="0.071" tests="6" errors="0" skipped="0" failures="0">
  <properties>
    <property name="java.specification.version" value="22"/>
    <property name="sun.cpu.isalist" value="amd64"/>
    <property name="sun.jnu.encoding" value="Cp1252"/>
    <property name="java.class.path" value="C:\Users\BOmokehinde\coding-practice-directory\tdd-junit5\02\demos\02\demos\Before\airport\target\test-classes;C:\Users\BOmokehinde\coding-practice-directory\tdd-junit5\02\demos\02\demos\Before\airport\target\classes;C:\Users\BOmokehinde\.m2\repository\org\junit\jupiter\junit-jupiter-api\5.10.3\junit-jupiter-api-5.10.3.jar;C:\Users\BOmokehinde\.m2\repository\org\opentest4j\opentest4j\1.3.0\opentest4j-1.3.0.jar;C:\Users\BOmokehinde\.m2\repository\org\junit\platform\junit-platform-commons\1.10.3\junit-platform-commons-1.10.3.jar;C:\Users\BOmokehinde\.m2\repository\org\apiguardian\apiguardian-api\1.1.2\apiguardian-api-1.1.2.jar;C:\Users\BOmokehinde\.m2\repository\org\junit\jupiter\junit-jupiter-engine\5.10.3\junit-jupiter-engine-5.10.3.jar;C:\Users\BOmokehinde\.m2\repository\org\junit\platform\junit-platform-engine\1.10.3\junit-platform-engine-1.10.3.jar;C:\Users\BOmokehinde\.m2\repository\org\junit\jupiter\junit-jupiter-params\5.10.3\junit-jupiter-params-5.10.3.jar;C:\Users\BOmokehinde\.m2\repository\org\mockito\mockito-core\5.11.0\mockito-core-5.11.0.jar;C:\Users\BOmokehinde\.m2\repository\net\bytebuddy\byte-buddy\1.14.12\byte-buddy-1.14.12.jar;C:\Users\BOmokehinde\.m2\repository\net\bytebuddy\byte-buddy-agent\1.14.12\byte-buddy-agent-1.14.12.jar;C:\Users\BOmokehinde\.m2\repository\org\objenesis\objenesis\3.3\objenesis-3.3.jar;"/>
    <property name="java.vm.vendor" value="Oracle Corporation"/>
    <property name="sun.arch.data.model" value="64"/>
    <property name="user.variant" value=""/>
    <property name="java.vendor.url" value="https://java.oracle.com/"/>
    <property name="user.timezone" value="Europe/London"/>
    <property name="os.name" value="Windows 11"/>
    <property name="java.vm.specification.version" value="22"/>
    <property name="sun.java.launcher" value="SUN_STANDARD"/>
    <property name="user.country" value="GB"/>
    <property name="sun.boot.library.path" value="C:\Users\BOmokehinde\.jdks\openjdk-22.0.1\bin"/>
    <property name="sun.java.command" value="C:\Users\BOmokehinde\AppData\Local\Temp\surefire4396169806051068131\surefirebooter-20241104120432561_3.jar C:\Users\BOmokehinde\AppData\Local\Temp\surefire4396169806051068131 2024-11-04T12-04-32_418-jvmRun1 surefire-20241104120432561_1tmp surefire_0-20241104120432561_2tmp"/>
    <property name="jdk.debug" value="release"/>
    <property name="surefire.test.class.path" value="C:\Users\BOmokehinde\coding-practice-directory\tdd-junit5\02\demos\02\demos\Before\airport\target\test-classes;C:\Users\BOmokehinde\coding-practice-directory\tdd-junit5\02\demos\02\demos\Before\airport\target\classes;C:\Users\BOmokehinde\.m2\repository\org\junit\jupiter\junit-jupiter-api\5.10.3\junit-jupiter-api-5.10.3.jar;C:\Users\BOmokehinde\.m2\repository\org\opentest4j\opentest4j\1.3.0\opentest4j-1.3.0.jar;C:\Users\BOmokehinde\.m2\repository\org\junit\platform\junit-platform-commons\1.10.3\junit-platform-commons-1.10.3.jar;C:\Users\BOmokehinde\.m2\repository\org\apiguardian\apiguardian-api\1.1.2\apiguardian-api-1.1.2.jar;C:\Users\BOmokehinde\.m2\repository\org\junit\jupiter\junit-jupiter-engine\5.10.3\junit-jupiter-engine-5.10.3.jar;C:\Users\BOmokehinde\.m2\repository\org\junit\platform\junit-platform-engine\1.10.3\junit-platform-engine-1.10.3.jar;C:\Users\BOmokehinde\.m2\repository\org\junit\jupiter\junit-jupiter-params\5.10.3\junit-jupiter-params-5.10.3.jar;C:\Users\BOmokehinde\.m2\repository\org\mockito\mockito-core\5.11.0\mockito-core-5.11.0.jar;C:\Users\BOmokehinde\.m2\repository\net\bytebuddy\byte-buddy\1.14.12\byte-buddy-1.14.12.jar;C:\Users\BOmokehinde\.m2\repository\net\bytebuddy\byte-buddy-agent\1.14.12\byte-buddy-agent-1.14.12.jar;C:\Users\BOmokehinde\.m2\repository\org\objenesis\objenesis\3.3\objenesis-3.3.jar;"/>
    <property name="sun.cpu.endian" value="little"/>
    <property name="user.home" value="C:\Users\BOmokehinde"/>
    <property name="user.language" value="en"/>
    <property name="java.specification.vendor" value="Oracle Corporation"/>
    <property name="java.version.date" value="2024-04-16"/>
    <property name="java.home" value="C:\Users\BOmokehinde\.jdks\openjdk-22.0.1"/>
    <property name="file.separator" value="\"/>
    <property name="basedir" value="C:\Users\BOmokehinde\coding-practice-directory\tdd-junit5\02\demos\02\demos\Before\airport"/>
    <property name="java.vm.compressedOopsMode" value="Zero based"/>
    <property name="line.separator" value="&#10;"/>
    <property name="java.vm.specification.vendor" value="Oracle Corporation"/>
    <property name="java.specification.name" value="Java Platform API Specification"/>
    <property name="surefire.real.class.path" value="C:\Users\BOmokehinde\AppData\Local\Temp\surefire4396169806051068131\surefirebooter-20241104120432561_3.jar"/>
    <property name="user.script" value=""/>
    <property name="sun.management.compiler" value="HotSpot 64-Bit Tiered Compilers"/>
    <property name="java.runtime.version" value="22.0.1+8-16"/>
    <property name="user.name" value="BOmokehinde"/>
    <property name="stdout.encoding" value="Cp1252"/>
    <property name="path.separator" value=";"/>
    <property name="os.version" value="10.0"/>
    <property name="java.runtime.name" value="OpenJDK Runtime Environment"/>
    <property name="file.encoding" value="UTF-8"/>
    <property name="java.vm.name" value="OpenJDK 64-Bit Server VM"/>
    <property name="localRepository" value="C:\Users\BOmokehinde\.m2\repository"/>
    <property name="java.vendor.url.bug" value="https://bugreport.java.com/bugreport/"/>
    <property name="java.io.tmpdir" value="C:\Users\BOMOKE~1\AppData\Local\Temp\"/>
    <property name="idea.version" value="2024.1.4"/>
    <property name="java.version" value="22.0.1"/>
    <property name="user.dir" value="C:\Users\BOmokehinde\coding-practice-directory\tdd-junit5\02\demos\02\demos\Before\airport"/>
    <property name="os.arch" value="amd64"/>
    <property name="java.vm.specification.name" value="Java Virtual Machine Specification"/>
    <property name="sun.os.patch.level" value=""/>
    <property name="native.encoding" value="Cp1252"/>
    <property name="java.library.path" value="C:\Users\BOmokehinde\.jdks\openjdk-22.0.1\bin;C:\Windows\Sun\Java\bin;C:\Windows\system32;C:\Windows;C:\Program Files\SqlCmd\;C:\Program Files\Microsoft SDKs\Azure\CLI2\wbin;C:\Python312\Scripts\;C:\Python312\;C:\Windows\system32;C:\Windows;C:\Windows\System32\Wbem;C:\Windows\System32\WindowsPowerShell\v1.0\;C:\Windows\System32\OpenSSH\;C:\Program Files\WindowsPowerShell\Scripts;C:\more-programs\apache-maven-3.9.9\bin;C:\Program Files\nodejs\;C:\ProgramData\chocolatey\bin;C:\Program Files\Git\cmd;C:\more-programs\jdk-11.0.1\bin;C:\Program Files\Microsoft SDKs\Azure\CLI2\wbin;C:\Program Files (x86)\Microsoft SQL Server\160\DTS\Binn\;C:\ProgramData\.azure-kubelogin;C:\more-programs\Redis-x64-3.0.504;C:\Program Files\dotnet\;C:\Windows\system32\config\systemprofile\AppData\Local\Microsoft\WindowsApps;C:\Users\BOmokehinde\AppData\Local\Programs\Microsoft VS Code\bin;C:\more-programs\apache-maven-3.9.9\bin;C:\Users\BOmokehinde\AppData\Roaming\npm;C:\more-programs\jdk-11.0.1\bin;C:\Users\BOmokehinde\AppData\Local\Programs\Lens\resources\cli\bin;C:\Program Files\Microsoft SDKs\Azure\CLI2\wbin;C:\Users\BOmokehinde\.azure-kubelogin;C:\more-programs\Redis-x64-3.0.504;;."/>
    <property name="java.vm.info" value="mixed mode, sharing"/>
    <property name="stderr.encoding" value="Cp1252"/>
    <property name="java.vendor" value="Oracle Corporation"/>
    <property name="java.vm.version" value="22.0.1+8-16"/>
    <property name="sun.io.unicode.encoding" value="UnicodeLittle"/>
    <property name="java.class.version" value="66.0"/>
  </properties>
  <testcase name="testPremiumFlightVipPassenger" classname="com.pluralsight.tddjunit5.airport.AirportTest$PremiumFlightTest$VipPassengerTest" time="0.016"/>
  <testcase name="testPremiumFlightVipPassengerAddedOnlyOnce" classname="com.pluralsight.tddjunit5.airport.AirportTest$PremiumFlightTest$VipPassengerTest" time="0.007"/>
  <testcase name="testPremiumFlightVipPassengerAddedOnlyOnce" classname="com.pluralsight.tddjunit5.airport.AirportTest$PremiumFlightTest$VipPassengerTest" time="0.001"/>
  <testcase name="testPremiumFlightVipPassengerAddedOnlyOnce" classname="com.pluralsight.tddjunit5.airport.AirportTest$PremiumFlightTest$VipPassengerTest" time="0.001"/>
  <testcase name="testPremiumFlightVipPassengerAddedOnlyOnce" classname="com.pluralsight.tddjunit5.airport.AirportTest$PremiumFlightTest$VipPassengerTest" time="0.001"/>
  <testcase name="testPremiumFlightVipPassengerAddedOnlyOnce" classname="com.pluralsight.tddjunit5.airport.AirportTest$PremiumFlightTest$VipPassengerTest" time="0.001"/>
</testsuite>